###############################################################
#  Generated by:      Cadence Innovus 16.10-p004_1
#  OS:                Linux x86_64(Host ID ylva.fransg.eit.lth.se)
#  Generated on:      Fri May 24 17:22:44 2024
#  Design:            pulpino_top_rtl_w_pads
#  Command:           report_ccopt_worst_chain -filename ./worstChain_ccopt.rpt 
###############################################################

,-o pulpino_top_rtl_inst_core_region_i/axi_slice_core2axi/WITH_SLICE.axi_slice_i_ar_buffer_i/buffer_i_Pop_Pointer_CS_reg[0]
| |     .../CP @(unknown) constraint=(unknown) chosen=(unknown)
| |            location=(488.350,1066.390) slew=(launch: 0.194ns, capture: 0.181ns)
| |   slack 31.345ns .../Q -> .../TI (distance: 863.670um)
| |                  delays=(launch: 0.999ns, datapath: 8.360ns, capture: 1.204ns, adjust: 39.500ns)
| |                  launch/capture clock clk in analysis view SS
`-o pulpino_top_rtl_inst_core_region_i/axi_slice_core2axi/WITH_SLICE.axi_slice_i_ar_buffer_i/buffer_i_Pop_Pointer_CS_reg[0]
  |     .../CP @(unknown) constraint=(unknown) chosen=(unknown)
  |            location=(488.350,1066.390) slew=(launch: 0.194ns, capture: 0.181ns)
  |   slack 32.126ns .../Q -> .../D (distance: 916.720um)
  |                  delays=(launch: 0.999ns, datapath: 7.590ns, capture: 1.215ns, adjust: 39.500ns)
  |                  launch/capture clock clk in analysis view SS
  o pulpino_top_rtl_inst_peripherals_i/axi2apb_i/genblk1.axi2apb_i_Slave_ar_buffer/buffer_i_CS_reg[0]
  |     .../CP @(unknown) constraint=(unknown) chosen=(unknown)
  |            location=(491.550,925.850) slew=(launch: 0.197ns, capture: 0.184ns)
  |   slack 7.530ns .../QN -> .../D (distance: 1559.300um)
  |                 delays=(launch: 1.012ns, datapath: 11.598ns, capture: 0.567ns, adjust: 19.573ns)
  |                 launch/capture clock clk in analysis view SS
  o pulpino_top_rtl_inst_core_region_i/CORE.RISCV_CORE/core_clock_gate_i/clk_en_reg
  |     .../GN @(unknown) constraint=(unknown) chosen=(unknown)
  |            location=(841.195,1107.790) slew=(launch: 0.067ns, capture: 0.066ns)
  |   slack 17.076ns .../Q -> .../B (distance: 306.895um)
  |                  delays=(launch: 20.374ns, datapath: 2.616ns, capture: 0.566ns, adjust: 39.500ns)
  |                  launch/capture clock clk in analysis view SS
  g pulpino_top_rtl_inst_core_region_i/CORE.RISCV_CORE/core_clock_gate_i/g13
  |     .../A @(unknown) constraint=(unknown) chosen=(unknown)
  |           location=(844.850,1107.790) slew=(launch: 0.074ns, capture: 0.073ns)
  |     clock gate above
  o pulpino_top_rtl_inst_core_region_i/CORE.RISCV_CORE/id_stage_i/alu_operand_a_ex_o_reg[0]
  |     .../CP @(unknown) constraint=(unknown) chosen=(unknown)
  |            location=(765.350,1113.190) slew=(launch: 0.149ns, capture: 0.140ns)
  |   *WNS* 4.884ns .../Q -> .../D (distance: 1252.525um)
  |                 delays=(launch: 1.008ns, datapath: 14.455ns, capture: 0.758ns, adjust: 19.588ns)
  |                 launch/capture clock clk in analysis view SS
  o pulpino_top_rtl_inst_core_region_i/axi_slice_core2axi/WITH_SLICE.axi_slice_i_ar_buffer_i/buffer_i_cg_cell/clk_en_reg
  |     .../GN @(unknown) constraint=(unknown) chosen=(unknown)
  |            location=(498.785,1053.810) slew=(launch: 0.166ns, capture: 0.163ns)
  |   slack 17.070ns .../Q -> .../B (distance: 353.985um)
  |                  delays=(launch: 20.563ns, datapath: 2.626ns, capture: 0.758ns, adjust: 39.500ns)
  |                  launch/capture clock clk in analysis view SS
  g pulpino_top_rtl_inst_core_region_i/axi_slice_core2axi/WITH_SLICE.axi_slice_i_ar_buffer_i/buffer_i_cg_cell/g13
  |     .../A @(unknown) constraint=(unknown) chosen=(unknown)
  |           location=(494.850,1054.010) slew=(launch: 0.188ns, capture: 0.184ns)
  |     clock gate above
  o pulpino_top_rtl_inst_core_region_i/axi_slice_core2axi/WITH_SLICE.axi_slice_i_ar_buffer_i/buffer_i_FIFO_REGISTERS_reg[1][21]
  |     .../CP @(unknown) constraint=(unknown) chosen=(unknown)
  |            location=(523.650,1014.390) slew=(launch: 0.184ns, capture: 0.168ns)
  |   slack 13.636ns .../Q -> .../D (distance: 725.485um)
  |                  delays=(launch: 0.941ns, datapath: 5.740ns, capture: 0.763ns, adjust: 19.554ns)
  |                  launch/capture clock clk in analysis view SS
  o pulpino_top_rtl_inst_peripherals_i/axi2apb_i/genblk1.axi2apb_i_Slave_ar_buffer/buffer_i_cg_cell/clk_en_reg
  |     .../GN @(unknown) constraint=(unknown) chosen=(unknown)
  |            location=(498.615,983.190) slew=(launch: 0.167ns, capture: 0.163ns)
  |   slack 17.049ns .../Q -> .../B (distance: 173.075um)
  |                  delays=(launch: 20.567ns, datapath: 2.647ns, capture: 0.763ns, adjust: 39.500ns)
  |                  launch/capture clock clk in analysis view SS
  g pulpino_top_rtl_inst_peripherals_i/axi2apb_i/genblk1.axi2apb_i_Slave_ar_buffer/buffer_i_cg_cell/g13
  |     .../A @(unknown) constraint=(unknown) chosen=(unknown)
  |           location=(496.650,982.990) slew=(launch: 0.189ns, capture: 0.184ns)
  |     clock gate above
  o pulpino_top_rtl_inst_peripherals_i/axi2apb_i/genblk1.axi2apb_i_Slave_ar_buffer/buffer_i_FIFO_REGISTERS_reg[0][28]
  |     .../CP @(unknown) constraint=(unknown) chosen=(unknown)
  |            location=(494.350,977.990) slew=(launch: 0.197ns, capture: 0.180ns)
  |   slack 10.114ns .../Q -> .../D (distance: 1940.590um)
  |                  delays=(launch: 0.951ns, datapath: 13.417ns, capture: 1.205ns, adjust: 39.500ns)
  |                  launch/capture clock clk in analysis view SS
  o pulpino_top_rtl_inst_core_region_i/CORE.RISCV_CORE/if_stage_i/prefetch_32.prefetch_buffer_i/fifo_i/rdata_Q_reg[0][15]
  |     .../CP @(unknown) constraint=(unknown) chosen=(unknown)
  |            location=(738.250,790.650) slew=(launch: 0.163ns, capture: 0.153ns)
  |   slack 34.055ns .../Q -> .../TI (distance: 389.120um)
  |                  delays=(launch: 1.014ns, datapath: 8.857ns, capture: 1.199ns, adjust: 39.500ns)
  |                  launch/capture clock clk in analysis view SS
  o pulpino_top_rtl_inst_core_region_i/CORE.RISCV_CORE/if_stage_i/instr_rdata_id_o_reg[16]
  |     .../CP @(unknown) constraint=(unknown) chosen=(unknown)
  |            location=(728.650,970.610) slew=(launch: 0.169ns, capture: 0.158ns)
  |   slack 23.289ns .../Q -> .../D (distance: 1754.570um)
  |                  delays=(launch: 1.008ns, datapath: 22.006ns, capture: 1.197ns, adjust: 39.500ns)
  |                  launch/capture clock clk in analysis view SS
,-o pulpino_top_rtl_inst_core_region_i/CORE.RISCV_CORE/id_stage_i/mult_operand_c_ex_o_reg[31]
| |     .../CP @(unknown) constraint=(unknown) chosen=(unknown)
| |            location=(936.450,1090.210) slew=(launch: 0.129ns, capture: 0.120ns)
| |   slack 29.383ns .../Q -> .../D (distance: 1198.250um)
| |                  delays=(launch: 1.011ns, datapath: 24.147ns, capture: 1.194ns, adjust: 39.500ns)
| |                  launch/capture clock clk in analysis view SS
| o pulpino_top_rtl_inst_core_region_i/CORE.RISCV_CORE/id_stage_i/mult_dot_op_b_ex_o_reg[17]
| |     .../CP @(unknown) constraint=(unknown) chosen=(unknown)
| |            location=(1048.650,1131.810) slew=(launch: 0.123ns, capture: 0.115ns)
| |   slack 23.384ns .../Q -> .../D (distance: 1221.830um)
| |                  delays=(launch: 1.007ns, datapath: 23.028ns, capture: 1.197ns, adjust: 39.500ns)
| |                  launch/capture clock clk in analysis view SS
`-o pulpino_top_rtl_inst_core_region_i/CORE.RISCV_CORE/id_stage_i/mult_operand_c_ex_o_reg[31]

